Сборка начата 18.10.2023 17:34:06.
Уровень детализации журнала: Normal.     1>Проект "C:\Users\histo\OneDrive\Рабочий стол\ЛАБЫ_____ЛАБЫ\ОАП\5 Лабораторная\5.3dop1\5.3dop1.vcxproj" в узле 2 (целевые объекты Build).
     1>PrepareForBuild:
         Создание каталога "Release\5.3dop1.tlog\".
       InitializeBuildStatus:
         Создание "Release\5.3dop1.tlog\unsuccessfulbuild", так как было задано "AlwaysCreate".
         Обращение к "Release\5.3dop1.tlog\unsuccessfulbuild".
       ClCompile:
         C:\Program Files\Microsoft Visual Studio\2022\Community\VC\Tools\MSVC\14.37.32822\bin\HostX86\x86\CL.exe /c /Zi /nologo /W3 /WX- /diagnostics:column /sdl /O2 /Oi /Oy- /GL /D WIN32 /D NDEBUG /D _CONSOLE /D _UNICODE /D UNICODE /Gm- /EHsc /MD /GS /Gy /fp:precise /Zc:wchar_t /Zc:forScope /Zc:inline /permissive- /Fo"Release\\" /Fd"Release\vc143.pdb" /external:W3 /Gd /TP /analyze- /FC /errorReport:prompt 5.3dop1.cpp
         5.3dop1.cpp
       Link:
         C:\Program Files\Microsoft Visual Studio\2022\Community\VC\Tools\MSVC\14.37.32822\bin\HostX86\x86\link.exe /ERRORREPORT:PROMPT /OUT:"C:\Users\histo\OneDrive\Рабочий стол\ЛАБЫ_____ЛАБЫ\ОАП\5 Лабораторная\5.3dop1\Release\5.3dop1.exe" /NOLOGO kernel32.lib user32.lib gdi32.lib winspool.lib comdlg32.lib advapi32.lib shell32.lib ole32.lib oleaut32.lib uuid.lib odbc32.lib odbccp32.lib /MANIFEST /MANIFESTUAC:"level='asInvoker' uiAccess='false'" /manifest:embed /DEBUG /PDB:"C:\Users\histo\OneDrive\Рабочий стол\ЛАБЫ_____ЛАБЫ\ОАП\5 Лабораторная\5.3dop1\Release\5.3dop1.pdb" /SUBSYSTEM:CONSOLE /OPT:REF /OPT:ICF /LTCG:incremental /LTCGOUT:"Release\5.3dop1.iobj" /TLBID:1 /DYNAMICBASE /NXCOMPAT /IMPLIB:"C:\Users\histo\OneDrive\Рабочий стол\ЛАБЫ_____ЛАБЫ\ОАП\5 Лабораторная\5.3dop1\Release\5.3dop1.lib" /MACHINE:X86 /SAFESEH Release\5.3dop1.obj
         Создание кода
         Previous IPDB not found, fall back to full compilation.
         All 11 functions were compiled because no usable IPDB/IOBJ from previous compilation was found.
         Создание кода завершено
         5.3dop1.vcxproj -> C:\Users\histo\OneDrive\Рабочий стол\ЛАБЫ_____ЛАБЫ\ОАП\5 Лабораторная\5.3dop1\Release\5.3dop1.exe
       FinalizeBuildStatus:
         Файл "Release\5.3dop1.tlog\unsuccessfulbuild" удаляется.
         Обращение к "Release\5.3dop1.tlog\5.3dop1.lastbuildstate".
     1>Сборка проекта "C:\Users\histo\OneDrive\Рабочий стол\ЛАБЫ_____ЛАБЫ\ОАП\5 Лабораторная\5.3dop1\5.3dop1.vcxproj" завершена (целевые объекты Build).

Сборка успешно завершена.
    Предупреждений: 0
    Ошибок: 0

Прошло времени 00:00:02.42
